     0: >>> E[0:00:00]-R[?]: Return=   -0.9855, Steps=6.46, Features = 20
    25: E[0:00:02]-R[0:02:34]: Return=      0.98, Steps=  21, Features = 20
    38: E[0:00:03]-R[0:02:36]: Return=    -1.008, Steps=   9, Features = 20
   154: E[0:00:11]-R[0:02:17]: Return=     0.896, Steps= 105, Features = 20
   163: E[0:00:13]-R[0:02:21]: Return=        -1, Steps=   1, Features = 20
   177: E[0:00:14]-R[0:02:21]: Return=        -1, Steps=   1, Features = 20
   200: E[0:00:15]-R[0:02:18]: Return=     0.978, Steps=  23, Features = 20
   200: >>> E[0:00:15]-R[0:02:19]: Return=    -1.028, Steps=28.59, Features = 20
   223: E[0:00:17]-R[0:02:16]: Return=     0.978, Steps=  23, Features = 20
   267: E[0:00:21]-R[0:02:13]: Return=    -1.035, Steps=  36, Features = 20
   400: >>> E[0:00:30]-R[0:02:00]: Return=    0.4545, Steps=66.55, Features = 20
   431: E[0:00:32]-R[0:01:58]: Return=     0.974, Steps=  27, Features = 20
   464: E[0:00:35]-R[0:01:55]: Return=     0.968, Steps=  33, Features = 20
   480: E[0:00:36]-R[0:01:54]: Return=    -1.003, Steps=   4, Features = 20
   516: E[0:00:39]-R[0:01:51]: Return=     -1.03, Steps=  31, Features = 20
   537: E[0:00:40]-R[0:01:50]: Return=      0.98, Steps=  21, Features = 20
   551: E[0:00:42]-R[0:01:49]: Return=    -1.003, Steps=   4, Features = 20
   585: E[0:00:44]-R[0:01:47]: Return=     0.976, Steps=  25, Features = 20
   600: >>> E[0:00:46]-R[0:01:46]: Return=   -0.2671, Steps=28.11, Features = 20
   626: E[0:00:47]-R[0:01:44]: Return=     0.962, Steps=  39, Features = 20
   657: E[0:00:50]-R[0:01:42]: Return=      0.97, Steps=  31, Features = 20
   685: E[0:00:52]-R[0:01:39]: Return=     0.976, Steps=  25, Features = 20
   710: E[0:00:54]-R[0:01:37]: Return=     0.976, Steps=  25, Features = 20
   756: E[0:00:57]-R[0:01:34]: Return=     0.956, Steps=  45, Features = 20
   800: >>> E[0:01:00]-R[0:01:31]: Return=    0.6736, Steps=27.36, Features = 20
   829: E[0:01:02]-R[0:01:28]: Return=     0.978, Steps=  23, Features = 20
   842: E[0:01:04]-R[0:01:28]: Return=    -1.004, Steps=   5, Features = 20
   866: E[0:01:05]-R[0:01:26]: Return=     0.988, Steps=  13, Features = 20
   892: E[0:01:08]-R[0:01:24]: Return=     0.982, Steps=  19, Features = 20
   909: E[0:01:09]-R[0:01:23]: Return=     0.984, Steps=  17, Features = 20
     0: >>> E[0:00:00]-R[?]: Return=   -0.9855, Steps=6.46, Features = 20
    25: E[0:00:02]-R[0:02:32]: Return=      0.98, Steps=  21, Features = 20
    38: E[0:00:03]-R[0:02:35]: Return=    -1.008, Steps=   9, Features = 20
     0: >>> E[0:00:00]-R[?]: Return=   -0.9855, Steps=6.46, Features = 20
    25: E[0:00:02]-R[0:02:32]: Return=      0.98, Steps=  21, Features = 20
    38: E[0:00:03]-R[0:02:35]: Return=    -1.008, Steps=   9, Features = 20
   154: E[0:00:11]-R[0:02:16]: Return=     0.896, Steps= 105, Features = 20
   163: E[0:00:12]-R[0:02:21]: Return=        -1, Steps=   1, Features = 20
   177: E[0:00:14]-R[0:02:20]: Return=        -1, Steps=   1, Features = 20
   200: E[0:00:15]-R[0:02:18]: Return=     0.978, Steps=  23, Features = 20
     0: >>> E[0:00:00]-R[?]: Return=   -0.9855, Steps=6.46, Features = 20
    25: E[0:00:02]-R[0:02:32]: Return=      0.98, Steps=  21, Features = 20
    38: E[0:00:03]-R[0:02:35]: Return=    -1.008, Steps=   9, Features = 20
   154: E[0:00:11]-R[0:02:16]: Return=     0.896, Steps= 105, Features = 20
   163: E[0:00:12]-R[0:02:20]: Return=        -1, Steps=   1, Features = 20
   177: E[0:00:14]-R[0:02:20]: Return=        -1, Steps=   1, Features = 20
   200: E[0:00:15]-R[0:02:18]: Return=     0.978, Steps=  23, Features = 20
   200: >>> E[0:00:15]-R[0:02:19]: Return=    -1.028, Steps=28.59, Features = 20
   223: E[0:00:17]-R[0:02:16]: Return=     0.978, Steps=  23, Features = 20
   267: E[0:00:20]-R[0:02:13]: Return=    -1.035, Steps=  36, Features = 20
   400: >>> E[0:00:30]-R[0:02:00]: Return=    0.4545, Steps=66.55, Features = 20
   431: E[0:00:32]-R[0:01:57]: Return=     0.974, Steps=  27, Features = 20
   464: E[0:00:35]-R[0:01:55]: Return=     0.968, Steps=  33, Features = 20
   480: E[0:00:36]-R[0:01:54]: Return=    -1.003, Steps=   4, Features = 20
   516: E[0:00:39]-R[0:01:51]: Return=     -1.03, Steps=  31, Features = 20
   537: E[0:00:40]-R[0:01:50]: Return=      0.98, Steps=  21, Features = 20
   551: E[0:00:41]-R[0:01:49]: Return=    -1.003, Steps=   4, Features = 20
   585: E[0:00:44]-R[0:01:47]: Return=     0.976, Steps=  25, Features = 20
     0: >>> E[0:00:00]-R[?]: Return=   -0.9855, Steps=6.46, Features = 20
    25: E[0:00:02]-R[0:02:34]: Return=      0.98, Steps=  21, Features = 20
    38: E[0:00:03]-R[0:02:36]: Return=    -1.008, Steps=   9, Features = 20
   154: E[0:00:11]-R[0:02:17]: Return=     0.896, Steps= 105, Features = 20
   162: E[0:00:12]-R[0:02:21]: Return=        -1, Steps=   1, Features = 20
   176: E[0:00:14]-R[0:02:21]: Return=    -1.012, Steps=  13, Features = 20
     0: >>> E[0:00:00]-R[?]: Return=   -0.9855, Steps=6.46, Features = 20
    25: E[0:00:02]-R[0:02:31]: Return=      0.98, Steps=  21, Features = 20
    38: E[0:00:03]-R[0:02:34]: Return=    -1.008, Steps=   9, Features = 20
   154: E[0:00:11]-R[0:02:16]: Return=     0.896, Steps= 105, Features = 20
   163: E[0:00:12]-R[0:02:21]: Return=        -1, Steps=   1, Features = 20
   177: E[0:00:14]-R[0:02:20]: Return=        -1, Steps=   1, Features = 20
   200: E[0:00:15]-R[0:02:18]: Return=     0.978, Steps=  23, Features = 20
   200: >>> E[0:00:15]-R[0:02:18]: Return=    -1.028, Steps=28.59, Features = 20
   223: E[0:00:17]-R[0:02:15]: Return=     0.978, Steps=  23, Features = 20
     0: >>> E[0:00:00]-R[?]: Return=   -0.7641, Steps=5.14, Features = 20
   200: >>> E[0:00:00]-R[0:00:01]: Return=   -0.2311, Steps=12.09, Features = 20
   400: >>> E[0:00:00]-R[0:00:01]: Return=   -0.2318, Steps=12.82, Features = 20
   600: >>> E[0:00:00]-R[0:00:01]: Return=    0.5928, Steps=8.18, Features = 20
   800: >>> E[0:00:01]-R[0:00:01]: Return=    0.6921, Steps=8.86, Features = 20
  1000: >>> E[0:00:01]-R[0:00:01]: Return=    0.6325, Steps= 8.5, Features = 20
  1200: >>> E[0:00:01]-R[0:00:01]: Return=    0.6926, Steps=8.38, Features = 20
     0: >>> E[0:00:00]-R[?]: Return=   -0.7641, Steps=5.14, Features = 20
   200: >>> E[0:00:00]-R[0:00:01]: Return=   -0.2311, Steps=12.09, Features = 20
   400: >>> E[0:00:00]-R[0:00:01]: Return=   -0.2318, Steps=12.82, Features = 20
   600: >>> E[0:00:00]-R[0:00:01]: Return=    0.5928, Steps=8.18, Features = 20
   800: >>> E[0:00:01]-R[0:00:01]: Return=    0.6921, Steps=8.86, Features = 20
  1000: >>> E[0:00:01]-R[0:00:01]: Return=    0.6325, Steps= 8.5, Features = 20
  1200: >>> E[0:00:01]-R[0:00:01]: Return=    0.6926, Steps=8.38, Features = 20
  1400: >>> E[0:00:01]-R[0:00:00]: Return=    0.5928, Steps=8.18, Features = 20
  1600: >>> E[0:00:01]-R[0:00:00]: Return=    0.6525, Steps=8.54, Features = 20
  1800: >>> E[0:00:01]-R[0:00:00]: Return=    0.6325, Steps=8.47, Features = 20
  2000: >>> E[0:00:01]-R[0:00:00]: Return=    0.6926, Steps=8.43, Features = 20
Total Experiment Duration 0:00:01
     0: >>> E[0:00:00]-R[?]: Return=   -0.7641, Steps=5.14, Features = 20
   200: >>> E[0:00:00]-R[0:00:01]: Return=   -0.2311, Steps=12.09, Features = 20
   400: >>> E[0:00:00]-R[0:00:01]: Return=   -0.2318, Steps=12.82, Features = 20
   600: >>> E[0:00:00]-R[0:00:01]: Return=    0.5928, Steps=8.18, Features = 20
   800: >>> E[0:00:01]-R[0:00:01]: Return=    0.6921, Steps=8.86, Features = 20
  1000: >>> E[0:00:01]-R[0:00:01]: Return=    0.6325, Steps= 8.5, Features = 20
  1200: >>> E[0:00:01]-R[0:00:01]: Return=    0.6926, Steps=8.38, Features = 20
  1400: >>> E[0:00:01]-R[0:00:00]: Return=    0.5928, Steps=8.18, Features = 20
  1600: >>> E[0:00:01]-R[0:00:00]: Return=    0.6525, Steps=8.54, Features = 20
  1800: >>> E[0:00:01]-R[0:00:00]: Return=    0.6325, Steps=8.47, Features = 20
  2000: >>> E[0:00:01]-R[0:00:00]: Return=    0.6926, Steps=8.43, Features = 20
Total Experiment Duration 0:00:01
     0: >>> E[0:00:00]-R[?]: Return=   -0.7641, Steps=5.14, Features = 20
   200: >>> E[0:00:00]-R[0:00:01]: Return=   -0.2311, Steps=12.09, Features = 20
   400: >>> E[0:00:00]-R[0:00:01]: Return=   -0.2318, Steps=12.82, Features = 20
   600: >>> E[0:00:00]-R[0:00:01]: Return=    0.5928, Steps=8.18, Features = 20
   800: >>> E[0:00:01]-R[0:00:01]: Return=    0.6921, Steps=8.86, Features = 20
  1000: >>> E[0:00:01]-R[0:00:01]: Return=    0.6325, Steps= 8.5, Features = 20
  1200: >>> E[0:00:01]-R[0:00:01]: Return=    0.6926, Steps=8.38, Features = 20
     0: >>> E[0:00:00]-R[?]: Return=  -0.01076, Steps=0.81, Features = 20
     0: >>> E[0:00:00]-R[?]: Return=   -0.7359, Steps=7.18, Features = 20
     0: >>> E[0:00:00]-R[?]: Return=  -0.02026, Steps= 0.3, Features = 20
     0: >>> E[0:00:00]-R[?]: Return=  -0.01075, Steps= 0.8, Features = 20
     0: >>> E[0:00:00]-R[?]: Return=  -0.01075, Steps= 0.8, Features = 20
     0: >>> E[0:00:00]-R[?]: Return=  -0.01075, Steps= 0.8, Features = 20
     0: >>> E[0:00:00]-R[?]: Return=  -0.01075, Steps= 0.8, Features = 20
     0: >>> E[0:00:00]-R[?]: Return=  -0.01075, Steps= 0.8, Features = 20
     0: >>> E[0:00:00]-R[?]: Return=   -0.7359, Steps=7.18, Features = 20
   200: >>> E[0:00:00]-R[0:00:01]: Return=     25.02, Steps=98.92, Features = 20
     0: >>> E[0:00:00]-R[?]: Return=  -0.01076, Steps=0.81, Features = 20
     0: >>> E[0:00:00]-R[?]: Return=    0.0192, Steps=0.82, Features = 20
     0: >>> E[0:00:00]-R[?]: Return=    0.0192, Steps=0.82, Features = 20
     0: >>> E[0:00:00]-R[?]: Return=    0.0097, Steps=0.31, Features = 20
     0: >>> E[0:00:00]-R[?]: Return=    0.0097, Steps=0.31, Features = 20
     0: >>> E[0:00:00]-R[?]: Return=    0.1138, Steps=6.31, Features = 20
   200: >>> E[0:00:00]-R[0:00:01]: Return=     2.811, Steps=11.74, Features = 20
   400: >>> E[0:00:00]-R[0:00:01]: Return=     5.777, Steps=18.52, Features = 20
   600: >>> E[0:00:00]-R[0:00:01]: Return=     1.016, Steps=5.23, Features = 20
   800: >>> E[0:00:01]-R[0:00:01]: Return=  -0.00232, Steps=2.32, Features = 20
  1000: >>> E[0:00:01]-R[0:00:01]: Return=  -0.00229, Steps=2.29, Features = 20
  1200: >>> E[0:00:01]-R[0:00:01]: Return=  -0.00187, Steps=1.87, Features = 20
  1400: >>> E[0:00:01]-R[0:00:00]: Return=     10.08, Steps=27.79, Features = 20
  1600: >>> E[0:00:01]-R[0:00:00]: Return=      23.1, Steps=61.54, Features = 20
  1800: >>> E[0:00:01]-R[0:00:00]: Return=     6.678, Steps=18.25, Features = 20
  2000: >>> E[0:00:01]-R[0:00:00]: Return=      19.5, Steps=50.84, Features = 20
Total Experiment Duration 0:00:01
     0: >>> E[0:00:00]-R[?]: Return=    0.1138, Steps=6.31, Features = 20
   200: >>> E[0:00:00]-R[0:00:01]: Return=     2.811, Steps=11.74, Features = 20
   400: >>> E[0:00:00]-R[0:00:01]: Return=     5.777, Steps=18.52, Features = 20
   600: >>> E[0:00:00]-R[0:00:01]: Return=     1.016, Steps=5.23, Features = 20
   800: >>> E[0:00:01]-R[0:00:01]: Return=  -0.00232, Steps=2.32, Features = 20
  1000: >>> E[0:00:01]-R[0:00:01]: Return=  -0.00229, Steps=2.29, Features = 20
  1200: >>> E[0:00:01]-R[0:00:01]: Return=  -0.00187, Steps=1.87, Features = 20
  1400: >>> E[0:00:01]-R[0:00:00]: Return=     10.08, Steps=27.79, Features = 20
  1600: >>> E[0:00:01]-R[0:00:00]: Return=      23.1, Steps=61.54, Features = 20
  1800: >>> E[0:00:01]-R[0:00:00]: Return=     6.678, Steps=18.25, Features = 20
  2000: >>> E[0:00:01]-R[0:00:00]: Return=      19.5, Steps=50.84, Features = 20
Total Experiment Duration 0:00:01
     0: >>> E[0:00:00]-R[?]: Return=    -1.005, Steps=6.31, Features = 20
   200: >>> E[0:00:00]-R[0:00:01]: Return=     -1.01, Steps=100.81, Features = 20
     0: >>> E[0:00:00]-R[?]: Return=    -1.005, Steps=6.31, Features = 20
     0: >>> E[0:00:00]-R[?]: Return=    -1.005, Steps=6.31, Features = 20
     0: >>> E[0:00:00]-R[?]: Return=    -1.005, Steps=6.31, Features = 20
     0: >>> E[0:00:00]-R[?]: Return=  -0.02027, Steps=0.31, Features = 20
     0: >>> E[0:00:00]-R[?]: Return=   -0.8645, Steps=5.53, Features = 20
   200: >>> E[0:00:00]-R[0:00:01]: Return=    0.4604, Steps=20.58, Features = 20
   400: >>> E[0:00:00]-R[0:00:01]: Return=    0.5305, Steps=10.51, Features = 20
   600: >>> E[0:00:00]-R[0:00:01]: Return=    0.4718, Steps=9.22, Features = 20
   800: >>> E[0:00:01]-R[0:00:01]: Return=     0.531, Steps=10.02, Features = 20
  1000: >>> E[0:00:01]-R[0:00:01]: Return=    0.4715, Steps=9.51, Features = 20
  1200: >>> E[0:00:01]-R[0:00:01]: Return=     0.392, Steps=8.97, Features = 20
  1400: >>> E[0:00:01]-R[0:00:00]: Return=    0.4911, Steps=9.92, Features = 20
  1600: >>> E[0:00:01]-R[0:00:00]: Return=    0.5519, Steps=9.13, Features = 20
  1800: >>> E[0:00:01]-R[0:00:00]: Return=    0.6115, Steps= 9.5, Features = 20
  2000: >>> E[0:00:01]-R[0:00:00]: Return=    0.6508, Steps=10.23, Features = 20
Total Experiment Duration 0:00:01
     0: >>> E[0:00:00]-R[?]: Return=   -0.8847, Steps=5.76, Features = 20
   200: >>> E[0:00:00]-R[0:00:01]: Return=     1.238, Steps=43.93, Features = 20
   400: >>> E[0:00:00]-R[0:00:01]: Return=     1.167, Steps=24.36, Features = 20
   600: >>> E[0:00:00]-R[0:00:01]: Return=     1.107, Steps=24.58, Features = 20
   800: >>> E[0:00:01]-R[0:00:01]: Return=     1.257, Steps=24.52, Features = 20
  1000: >>> E[0:00:01]-R[0:00:01]: Return=     1.139, Steps=22.96, Features = 20
  1200: >>> E[0:00:01]-R[0:00:01]: Return=     1.314, Steps=27.51, Features = 20
  1400: >>> E[0:00:01]-R[0:00:00]: Return=     1.107, Steps=24.66, Features = 20
  1600: >>> E[0:00:01]-R[0:00:00]: Return=     1.257, Steps=24.76, Features = 20
  1800: >>> E[0:00:01]-R[0:00:00]: Return=     1.075, Steps=26.7, Features = 20
  2000: >>> E[0:00:01]-R[0:00:00]: Return=     1.169, Steps=23.09, Features = 20
Total Experiment Duration 0:00:01
     0: >>> E[0:00:00]-R[?]: Return=   -0.8847, Steps=5.76, Features = 20
   200: >>> E[0:00:00]-R[0:00:01]: Return=     1.238, Steps=43.93, Features = 20
   400: >>> E[0:00:00]-R[0:00:01]: Return=     1.167, Steps=24.36, Features = 20
   600: >>> E[0:00:00]-R[0:00:01]: Return=     1.107, Steps=24.58, Features = 20
   800: >>> E[0:00:01]-R[0:00:01]: Return=     1.257, Steps=24.52, Features = 20
  1000: >>> E[0:00:01]-R[0:00:01]: Return=     1.139, Steps=22.96, Features = 20
  1200: >>> E[0:00:01]-R[0:00:01]: Return=     1.314, Steps=27.51, Features = 20
  1400: >>> E[0:00:01]-R[0:00:00]: Return=     1.107, Steps=24.66, Features = 20
     0: >>> E[0:00:00]-R[?]: Return=     1.771, Steps=170.94, Features = 121
    44: E[0:00:00]-R[0:00:01]: Return=     1.958, Steps=  44, Features = 121
   200: >>> E[0:00:00]-R[0:00:02]: Return=      1.74, Steps=141.9, Features = 121
     0: >>> E[0:00:00]-R[?]: Return=   -0.8847, Steps=5.76, Features = 20
   200: >>> E[0:00:00]-R[0:00:01]: Return=     1.238, Steps=43.93, Features = 20
   400: >>> E[0:00:00]-R[0:00:01]: Return=     1.167, Steps=24.36, Features = 20
   600: >>> E[0:00:00]-R[0:00:01]: Return=     1.107, Steps=24.58, Features = 20
   800: >>> E[0:00:01]-R[0:00:01]: Return=     1.257, Steps=24.52, Features = 20
  1000: >>> E[0:00:01]-R[0:00:01]: Return=     1.139, Steps=22.96, Features = 20
     0: >>> E[0:00:00]-R[?]: Return=   -0.8847, Steps=5.76, Features = 20
     3: E[0:00:00]-R[0:00:02]: Return=    -1.002, Steps=   3, Features = 20
     0: >>> E[0:00:00]-R[?]: Return=   -0.8847, Steps=5.76, Features = 20
   200: >>> E[0:00:00]-R[0:00:01]: Return=     1.238, Steps=43.93, Features = 20
   400: >>> E[0:00:00]-R[0:00:01]: Return=     1.167, Steps=24.36, Features = 20
   600: >>> E[0:00:00]-R[0:00:01]: Return=     1.107, Steps=24.58, Features = 20
   800: >>> E[0:00:01]-R[0:00:01]: Return=     1.257, Steps=24.52, Features = 20
  1000: >>> E[0:00:01]-R[0:00:01]: Return=     1.139, Steps=22.96, Features = 20
  1200: >>> E[0:00:01]-R[0:00:01]: Return=     1.314, Steps=27.51, Features = 20
     0: >>> E[0:00:00]-R[?]: Return=     44.28, Steps=170.94, Features = 121
    96: E[0:00:00]-R[0:00:01]: Return=     59.96, Steps=  96, Features = 121
   200: >>> E[0:00:00]-R[0:00:02]: Return=     107.7, Steps=174.1, Features = 121
     0: >>> E[0:00:00]-R[?]: Return=     1.771, Steps=170.94, Features = 121
    44: E[0:00:00]-R[0:00:01]: Return=     1.958, Steps=  44, Features = 121
   200: >>> E[0:00:00]-R[0:00:02]: Return=      1.74, Steps=141.9, Features = 121
   400: >>> E[0:00:00]-R[0:00:02]: Return=     1.964, Steps=38.12, Features = 121
   600: >>> E[0:00:01]-R[0:00:01]: Return=     1.952, Steps=49.72, Features = 121
   800: >>> E[0:00:01]-R[0:00:01]: Return=     1.956, Steps=46.46, Features = 121
  1000: >>> E[0:00:01]-R[0:00:01]: Return=       1.9, Steps=71.86, Features = 121
  1200: >>> E[0:00:01]-R[0:00:01]: Return=     1.934, Steps=57.7, Features = 121
  1400: >>> E[0:00:01]-R[0:00:01]: Return=     1.956, Steps=46.22, Features = 121
  1600: >>> E[0:00:02]-R[0:00:00]: Return=      1.94, Steps=62.06, Features = 121
  1800: >>> E[0:00:02]-R[0:00:00]: Return=     1.948, Steps=54.22, Features = 121
  2000: >>> E[0:00:02]-R[0:00:00]: Return=      1.96, Steps=42.38, Features = 121
Total Experiment Duration 0:00:02
     0: >>> E[0:00:00]-R[?]: Return=     1.771, Steps=170.94, Features = 121
    44: E[0:00:00]-R[0:00:01]: Return=     1.958, Steps=  44, Features = 121
   200: >>> E[0:00:00]-R[0:00:02]: Return=      1.74, Steps=141.9, Features = 121
   400: >>> E[0:00:00]-R[0:00:02]: Return=     1.964, Steps=38.12, Features = 121
     0: >>> E[0:00:00]-R[?]: Return=     1.771, Steps=170.94, Features = 121
    44: E[0:00:00]-R[0:00:01]: Return=     1.958, Steps=  44, Features = 121
   200: >>> E[0:00:00]-R[0:00:02]: Return=      1.74, Steps=141.9, Features = 121
   400: >>> E[0:00:00]-R[0:00:02]: Return=     1.964, Steps=38.12, Features = 121
   600: >>> E[0:00:01]-R[0:00:01]: Return=     1.952, Steps=49.72, Features = 121
     0: >>> E[0:00:00]-R[?]: Return=     1.771, Steps=170.94, Features = 121
    44: E[0:00:00]-R[0:00:01]: Return=     1.958, Steps=  44, Features = 121
   200: >>> E[0:00:00]-R[0:00:02]: Return=      1.74, Steps=141.9, Features = 121
   400: >>> E[0:00:00]-R[0:00:02]: Return=     1.964, Steps=38.12, Features = 121
     0: >>> E[0:00:00]-R[?]: Return=        -1, Steps=1000.0, Features = 2420
     0: >>> E[0:00:00]-R[?]: Return=     1.771, Steps=170.94, Features = 242
     2: >>> E[0:00:00]-R[0:00:01]: Return=     1.804, Steps=157.5, Features = 242
     0: >>> E[0:00:00]-R[?]: Return=     1.771, Steps=170.94, Features = 242
     2: >>> E[0:00:00]-R[0:00:01]: Return=     1.804, Steps=157.5, Features = 242
     4: >>> E[0:00:00]-R[0:00:01]: Return=     1.764, Steps=158.26, Features = 242
     6: >>> E[0:00:00]-R[0:00:01]: Return=     1.768, Steps=163.6, Features = 242
     8: >>> E[0:00:00]-R[0:00:01]: Return=     1.802, Steps=150.32, Features = 242
    10: >>> E[0:00:00]-R[0:00:00]: Return=     1.841, Steps=130.58, Features = 242
    12: >>> E[0:00:01]-R[0:00:00]: Return=     1.802, Steps=139.98, Features = 242
    14: >>> E[0:00:01]-R[0:00:00]: Return=     1.772, Steps=159.54, Features = 242
    16: >>> E[0:00:01]-R[0:00:00]: Return=     1.798, Steps=123.8, Features = 242
    18: >>> E[0:00:01]-R[0:00:00]: Return=     1.847, Steps=114.72, Features = 242
    20: >>> E[0:00:01]-R[0:00:00]: Return=     1.753, Steps=148.5, Features = 242
Total Experiment Duration 0:00:01
     0: >>> E[0:00:00]-R[?]: Return=     1.603, Steps=319.3, Features = 242
     2: >>> E[0:00:00]-R[0:00:01]: Return=     1.571, Steps=341.38, Features = 242
     4: >>> E[0:00:00]-R[0:00:01]: Return=     1.617, Steps=355.14, Features = 242
     0: >>> E[0:00:00]-R[?]: Return=     2.326, Steps=806.88, Features = 242
     0: >>> E[0:00:00]-R[?]: Return=     1.603, Steps=319.3, Features = 242
     0: >>> E[0:00:00]-R[?]: Return=     1.603, Steps=319.3, Features = 242
     0: >>> E[0:00:00]-R[?]: Return=     1.603, Steps=319.3, Features = 242
     0: >>> E[0:00:00]-R[?]: Return=     1.603, Steps=319.3, Features = 242
     0: >>> E[0:00:00]-R[?]: Return=     1.603, Steps=319.3, Features = 242
     4: >>> E[0:00:00]-R[0:00:00]: Return=     1.522, Steps=340.12, Features = 242
     8: >>> E[0:00:00]-R[0:00:00]: Return=     1.713, Steps=268.86, Features = 242
    12: >>> E[0:00:00]-R[0:00:00]: Return=     1.648, Steps=303.9, Features = 242
    16: >>> E[0:00:00]-R[0:00:00]: Return=     1.685, Steps=317.48, Features = 242
    20: >>> E[0:00:00]-R[0:00:00]: Return=     1.676, Steps=305.62, Features = 242
    24: >>> E[0:00:00]-R[0:00:00]: Return=      1.51, Steps=361.84, Features = 242
    28: >>> E[0:00:00]-R[0:00:00]: Return=     1.542, Steps=369.66, Features = 242
     0: >>> E[0:00:00]-R[?]: Return=     1.831, Steps=731.54, Features = 484
     4: >>> E[0:00:00]-R[0:00:00]: Return=     1.977, Steps=665.86, Features = 484
     8: >>> E[0:00:00]-R[0:00:00]: Return=     1.994, Steps=638.6, Features = 484
    12: >>> E[0:00:00]-R[0:00:00]: Return=     1.842, Steps=690.08, Features = 484
    16: >>> E[0:00:00]-R[0:00:00]: Return=     1.912, Steps=660.64, Features = 484
     0: >>> E[0:00:00]-R[?]: Return=     1.886, Steps=696.58, Features = 484
     0: >>> E[0:00:00]-R[?]: Return=    0.9577, Steps=633.84, Features = 242
     0: >>> E[0:00:00]-R[?]: Return=    0.9577, Steps=633.84, Features = 242
     0: >>> E[0:00:00]-R[?]: Return=    0.9577, Steps=633.84, Features = 242
     4: >>> E[0:00:00]-R[0:00:00]: Return=     1.111, Steps=620.78, Features = 242
     0: >>> E[0:00:00]-R[?]: Return=    0.5878, Steps=813.6, Features = 242
     4: >>> E[0:00:00]-R[0:00:00]: Return=    0.8604, Steps=741.2, Features = 242
     8: >>> E[0:00:00]-R[0:00:00]: Return=    0.9344, Steps=667.2, Features = 242
    12: >>> E[0:00:00]-R[0:00:00]: Return=    0.9046, Steps=697.0, Features = 242
    16: >>> E[0:00:00]-R[0:00:00]: Return=     1.236, Steps=565.4, Features = 242
    20: >>> E[0:00:00]-R[0:00:00]: Return=     1.241, Steps=561.2, Features = 242
    24: >>> E[0:00:00]-R[0:00:00]: Return=     1.021, Steps=580.8, Features = 242
    28: >>> E[0:00:00]-R[0:00:00]: Return=     1.185, Steps=616.4, Features = 242
    32: >>> E[0:00:00]-R[0:00:00]: Return=     1.276, Steps=526.0, Features = 242
    36: >>> E[0:00:00]-R[0:00:00]: Return=    0.4908, Steps=810.5, Features = 242
    40: >>> E[0:00:00]-R[0:00:00]: Return=    0.6668, Steps=734.6, Features = 242
Total Experiment Duration 0:00:00
     0: >>> E[0:00:00]-R[?]: Return=    0.5878, Steps=813.6, Features = 242
     3: >>> E[0:00:00]-R[0:00:00]: Return=     1.068, Steps=633.9, Features = 242
     6: >>> E[0:00:00]-R[0:00:00]: Return=     1.088, Steps=613.8, Features = 242
     9: >>> E[0:00:00]-R[0:00:00]: Return=    0.7086, Steps=692.8, Features = 242
    12: >>> E[0:00:00]-R[0:00:00]: Return=     1.093, Steps=608.7, Features = 242
    15: >>> E[0:00:00]-R[0:00:00]: Return=    0.6345, Steps=766.9, Features = 242
    18: >>> E[0:00:00]-R[0:00:00]: Return=     1.331, Steps=570.5, Features = 242
    21: >>> E[0:00:00]-R[0:00:00]: Return=     1.128, Steps=573.5, Features = 242
    24: >>> E[0:00:00]-R[0:00:00]: Return=    0.8834, Steps=718.2, Features = 242
    27: >>> E[0:00:00]-R[0:00:00]: Return=    0.8594, Steps=642.1, Features = 242
    30: >>> E[0:00:00]-R[0:00:00]: Return=    0.7813, Steps=720.2, Features = 242
Total Experiment Duration 0:00:00
     0: >>> E[0:00:00]-R[?]: Return=     1.017, Steps=624.56, Features = 242
     3: >>> E[0:00:00]-R[0:00:00]: Return=     1.119, Steps=602.48, Features = 242
     6: >>> E[0:00:00]-R[0:00:00]: Return=     1.014, Steps=647.9, Features = 242
     9: >>> E[0:00:00]-R[0:00:00]: Return=    0.9114, Steps=710.22, Features = 242
    12: >>> E[0:00:00]-R[0:00:00]: Return=    0.7726, Steps=728.92, Features = 242
    15: >>> E[0:00:00]-R[0:00:00]: Return=     1.114, Steps=607.8, Features = 242
    18: >>> E[0:00:00]-R[0:00:00]: Return=     1.047, Steps=634.2, Features = 242
    21: >>> E[0:00:00]-R[0:00:00]: Return=     1.038, Steps=623.96, Features = 242
    24: >>> E[0:00:00]-R[0:00:00]: Return=     1.007, Steps=634.44, Features = 242
    27: >>> E[0:00:00]-R[0:00:00]: Return=    0.2681, Steps=913.06, Features = 242
    30: >>> E[0:00:00]-R[0:00:00]: Return=    0.4591, Steps=842.18, Features = 242
Total Experiment Duration 0:00:00
     0: >>> E[0:00:00]-R[?]: Return=     1.017, Steps=624.56, Features = 242
     3: >>> E[0:00:00]-R[0:00:00]: Return=     1.019, Steps=642.82, Features = 242
     6: >>> E[0:00:00]-R[0:00:00]: Return=     1.135, Steps=586.86, Features = 242
     9: >>> E[0:00:00]-R[0:00:00]: Return=    0.9563, Steps=665.28, Features = 242
    12: >>> E[0:00:00]-R[0:00:00]: Return=    0.9792, Steps=642.46, Features = 242
    15: >>> E[0:00:00]-R[0:00:00]: Return=     1.039, Steps=642.72, Features = 242
    18: >>> E[0:00:00]-R[0:00:00]: Return=    0.9155, Steps=646.06, Features = 242
     0: >>> E[0:00:00]-R[?]: Return=    0.5878, Steps=813.6, Features = 242
     3: >>> E[0:00:00]-R[0:00:00]: Return=     1.056, Steps=645.9, Features = 242
     6: >>> E[0:00:00]-R[0:00:00]: Return=       1.1, Steps=601.9, Features = 242
     9: >>> E[0:00:00]-R[0:00:00]: Return=     1.203, Steps=498.5, Features = 242
    12: >>> E[0:00:00]-R[0:00:00]: Return=    0.8894, Steps=712.2, Features = 242
    15: >>> E[0:00:00]-R[0:00:00]: Return=     1.048, Steps=654.1, Features = 242
    18: >>> E[0:00:00]-R[0:00:00]: Return=    0.7334, Steps=668.0, Features = 242
    21: >>> E[0:00:00]-R[0:00:00]: Return=     1.306, Steps=495.6, Features = 242
    24: >>> E[0:00:00]-R[0:00:00]: Return=     1.092, Steps=610.1, Features = 242
    27: >>> E[0:00:00]-R[0:00:00]: Return=     1.226, Steps=475.9, Features = 242
    30: >>> E[0:00:00]-R[0:00:00]: Return=     1.129, Steps=572.7, Features = 242
Total Experiment Duration 0:00:00
     0: >>> E[0:00:00]-R[?]: Return=    0.5878, Steps=813.6, Features = 242
     3: >>> E[0:00:00]-R[0:00:00]: Return=     1.056, Steps=645.9, Features = 242
     6: >>> E[0:00:00]-R[0:00:00]: Return=       1.1, Steps=601.9, Features = 242
     9: >>> E[0:00:00]-R[0:00:00]: Return=     1.203, Steps=498.5, Features = 242
     0: >>> E[0:00:00]-R[?]: Return=    0.5878, Steps=813.6, Features = 242
     3: >>> E[0:00:00]-R[0:00:00]: Return=     1.068, Steps=633.9, Features = 242
     6: >>> E[0:00:00]-R[0:00:00]: Return=     1.088, Steps=613.8, Features = 242
     9: >>> E[0:00:00]-R[0:00:00]: Return=    0.9376, Steps=664.0, Features = 242
    12: >>> E[0:00:00]-R[0:00:00]: Return=     1.055, Steps=646.7, Features = 242
    15: >>> E[0:00:00]-R[0:00:00]: Return=      1.36, Steps=442.0, Features = 242
    18: >>> E[0:00:00]-R[0:00:00]: Return=     1.046, Steps=655.9, Features = 242
    21: >>> E[0:00:00]-R[0:00:00]: Return=     1.198, Steps=604.0, Features = 242
    24: >>> E[0:00:00]-R[0:00:00]: Return=     1.051, Steps=650.3, Features = 242
    27: >>> E[0:00:00]-R[0:00:00]: Return=     1.141, Steps=560.7, Features = 242
    30: >>> E[0:00:00]-R[0:00:00]: Return=    0.9074, Steps=694.2, Features = 242
Total Experiment Duration 0:00:00
     0: >>> E[0:00:00]-R[?]: Return=     0.281, Steps=920.2, Features = 242
     3: >>> E[0:00:00]-R[0:00:00]: Return=   -0.1136, Steps=914.4, Features = 242
     6: >>> E[0:00:00]-R[0:00:00]: Return=    0.2747, Steps=926.5, Features = 242
     9: >>> E[0:00:00]-R[0:00:00]: Return=    0.2152, Steps=885.9, Features = 242
    12: >>> E[0:00:00]-R[0:00:00]: Return=    0.4445, Steps=856.8, Features = 242
    15: >>> E[0:00:00]-R[0:00:00]: Return=    0.1336, Steps=967.5, Features = 242
    18: >>> E[0:00:00]-R[0:00:00]: Return=   -0.0771, Steps=978.0, Features = 242
    21: >>> E[0:00:00]-R[0:00:00]: Return=   -0.0389, Steps=939.8, Features = 242
    24: >>> E[0:00:00]-R[0:00:00]: Return=   -0.0505, Steps=951.4, Features = 242
    27: >>> E[0:00:00]-R[0:00:00]: Return=    0.3739, Steps=827.3, Features = 242
    30: >>> E[0:00:00]-R[0:00:00]: Return=    0.2441, Steps=957.1, Features = 242
Total Experiment Duration 0:00:00
     0: >>> E[0:00:00]-R[?]: Return=     0.281, Steps=920.2, Features = 242
     3: >>> E[0:00:00]-R[0:00:00]: Return=   -0.1136, Steps=914.4, Features = 242
     6: >>> E[0:00:00]-R[0:00:00]: Return=    0.2731, Steps=928.1, Features = 242
     9: >>> E[0:00:00]-R[0:00:00]: Return=    0.0913, Steps=909.7, Features = 242
    12: >>> E[0:00:00]-R[0:00:00]: Return=    0.6753, Steps=726.1, Features = 242
    15: >>> E[0:00:00]-R[0:00:00]: Return=    0.4299, Steps=871.4, Features = 242
    18: >>> E[0:00:00]-R[0:00:00]: Return=    0.1907, Steps=910.4, Features = 242
    21: >>> E[0:00:00]-R[0:00:00]: Return=   -0.1593, Steps=960.1, Features = 242
    24: >>> E[0:00:00]-R[0:00:00]: Return=    0.2456, Steps=855.5, Features = 242
    27: >>> E[0:00:00]-R[0:00:00]: Return=    0.4752, Steps=926.2, Features = 242
    30: >>> E[0:00:00]-R[0:00:00]: Return=     0.532, Steps=869.4, Features = 242
Total Experiment Duration 0:00:00
     0: >>> E[0:00:00]-R[?]: Return=     0.281, Steps=920.2, Features = 968
     3: >>> E[0:00:00]-R[0:00:00]: Return=   -0.1228, Steps=923.6, Features = 968
     6: >>> E[0:00:00]-R[0:00:00]: Return=    0.3174, Steps=883.8, Features = 968
     9: >>> E[0:00:00]-R[0:00:00]: Return=     0.137, Steps=864.0, Features = 968
    12: >>> E[0:00:00]-R[0:00:00]: Return=    0.4331, Steps=868.2, Features = 968
    15: >>> E[0:00:00]-R[0:00:00]: Return=    0.4101, Steps=891.2, Features = 968
    18: >>> E[0:00:00]-R[0:00:00]: Return=    0.1315, Steps=869.5, Features = 968
    21: >>> E[0:00:00]-R[0:00:00]: Return=    0.4089, Steps=892.4, Features = 968
    24: >>> E[0:00:00]-R[0:00:00]: Return=    0.1245, Steps=876.5, Features = 968
    27: >>> E[0:00:00]-R[0:00:00]: Return=      0.67, Steps=831.5, Features = 968
    30: >>> E[0:00:00]-R[0:00:00]: Return=     0.646, Steps=855.5, Features = 968
Total Experiment Duration 0:00:00
     0: >>> E[0:00:00]-R[?]: Return=    0.2294, Steps=971.8, Features = 968
     3: >>> E[0:00:00]-R[0:00:00]: Return=    0.2038, Steps=997.4, Features = 968
     6: >>> E[0:00:00]-R[0:00:00]: Return=    0.5578, Steps=843.6, Features = 968
     9: >>> E[0:00:00]-R[0:00:00]: Return=    0.1124, Steps=888.6, Features = 968
    12: >>> E[0:00:00]-R[0:00:00]: Return=   -0.3994, Steps=1000.0, Features = 968
    15: >>> E[0:00:00]-R[0:00:00]: Return=    0.2334, Steps=967.8, Features = 968
    18: >>> E[0:00:00]-R[0:00:00]: Return=    0.3118, Steps=889.4, Features = 968
    21: >>> E[0:00:00]-R[0:00:00]: Return=    0.2202, Steps=981.0, Features = 968
    24: >>> E[0:00:00]-R[0:00:00]: Return=   -0.1992, Steps=1000.0, Features = 968
    27: >>> E[0:00:00]-R[0:00:00]: Return=    0.3376, Steps=863.6, Features = 968
    30: >>> E[0:00:00]-R[0:00:00]: Return=     0.404, Steps=797.2, Features = 968
Total Experiment Duration 0:00:00
     0: >>> E[0:00:00]-R[?]: Return=     0.001, Steps=1000.0, Features = 968
    40: >>> E[0:00:00]-R[0:00:00]: Return=     1.571, Steps=431.0, Features = 968
Total Experiment Duration 0:00:00
     0: >>> E[0:00:00]-R[?]: Return=     0.001, Steps=1000.0, Features = 968
     8: >>> E[0:00:00]-R[0:00:00]: Return=        -1, Steps=1000.0, Features = 968
    16: >>> E[0:00:00]-R[0:00:00]: Return=        -1, Steps=1000.0, Features = 968
    24: >>> E[0:00:00]-R[0:00:00]: Return=     0.001, Steps=1000.0, Features = 968
    32: >>> E[0:00:00]-R[0:00:00]: Return=     0.001, Steps=1000.0, Features = 968
    40: >>> E[0:00:00]-R[0:00:00]: Return=     0.001, Steps=1000.0, Features = 968
Total Experiment Duration 0:00:00
     0: >>> E[0:00:00]-R[?]: Return=     0.281, Steps=920.2, Features = 968
     4: >>> E[0:00:00]-R[0:00:00]: Return=    0.0993, Steps=901.7, Features = 968
     8: >>> E[0:00:00]-R[0:00:00]: Return=    0.2047, Steps=896.4, Features = 968
    12: >>> E[0:00:00]-R[0:00:00]: Return=    0.7137, Steps=787.8, Features = 968
    16: >>> E[0:00:00]-R[0:00:00]: Return=    0.6822, Steps=819.3, Features = 968
    20: >>> E[0:00:00]-R[0:00:00]: Return=    0.2715, Steps=929.7, Features = 968
Total Experiment Duration 0:00:00
     0: >>> E[0:00:00]-R[?]: Return=     0.281, Steps=920.2, Features = 968
     8: >>> E[0:00:00]-R[0:00:00]: Return=    0.2822, Steps=919.0, Features = 968
    16: >>> E[0:00:00]-R[0:00:00]: Return=    -0.095, Steps=995.9, Features = 968
    24: >>> E[0:00:00]-R[0:00:00]: Return=    0.4321, Steps=869.2, Features = 968
    32: >>> E[0:00:00]-R[0:00:00]: Return=    0.1073, Steps=893.7, Features = 968
    40: >>> E[0:00:00]-R[0:00:00]: Return=    -0.327, Steps=927.6, Features = 968
Total Experiment Duration 0:00:00
     0: >>> E[0:00:00]-R[?]: Return=    -0.051, Steps=51.0, Features = 968
     8: >>> E[0:00:00]-R[0:00:00]: Return=    -0.051, Steps=51.0, Features = 968
    16: >>> E[0:00:00]-R[0:00:00]: Return=    -0.051, Steps=51.0, Features = 968
    24: >>> E[0:00:00]-R[0:00:00]: Return=    -0.051, Steps=51.0, Features = 968
    32: >>> E[0:00:00]-R[0:00:00]: Return=    -0.051, Steps=51.0, Features = 968
    40: >>> E[0:00:00]-R[0:00:00]: Return=    -0.051, Steps=51.0, Features = 968
Total Experiment Duration 0:00:00
     0: >>> E[0:00:00]-R[?]: Return=    -0.051, Steps=51.0, Features = 968
     8: >>> E[0:00:00]-R[0:00:00]: Return=    -0.051, Steps=51.0, Features = 968
    16: >>> E[0:00:00]-R[0:00:00]: Return=    -0.051, Steps=51.0, Features = 968
    24: >>> E[0:00:00]-R[0:00:00]: Return=    -0.051, Steps=51.0, Features = 968
    32: >>> E[0:00:00]-R[0:00:00]: Return=    -0.051, Steps=51.0, Features = 968
    40: >>> E[0:00:00]-R[0:00:00]: Return=    -0.051, Steps=51.0, Features = 968
Total Experiment Duration 0:00:00
     0: >>> E[0:00:00]-R[?]: Return=    0.0583, Steps=242.0, Features = 968
     8: >>> E[0:00:00]-R[0:00:00]: Return=   -0.0418, Steps=242.0, Features = 968
    16: >>> E[0:00:00]-R[0:00:00]: Return=   -0.1419, Steps=242.0, Features = 968
    24: >>> E[0:00:00]-R[0:00:00]: Return=    -0.242, Steps=242.0, Features = 968
    32: >>> E[0:00:00]-R[0:00:00]: Return=    -0.242, Steps=242.0, Features = 968
    40: >>> E[0:00:00]-R[0:00:00]: Return=    -0.242, Steps=242.0, Features = 968
Total Experiment Duration 0:00:00
     0: >>> E[0:00:00]-R[?]: Return=    0.5627, Steps=238.1, Features = 242
     8: >>> E[0:00:00]-R[0:00:00]: Return=    0.0583, Steps=242.0, Features = 242
    16: >>> E[0:00:00]-R[0:00:00]: Return=    0.3586, Steps=242.0, Features = 242
    24: >>> E[0:00:00]-R[0:00:00]: Return=    0.3658, Steps=234.8, Features = 242
    32: >>> E[0:00:00]-R[0:00:00]: Return=    0.7823, Steps=218.7, Features = 242
    40: >>> E[0:00:00]-R[0:00:00]: Return=    0.6775, Steps=223.4, Features = 242
Total Experiment Duration 0:00:00
     0: >>> E[0:00:00]-R[?]: Return=    0.5627, Steps=238.1, Features = 242
    20: >>> E[0:00:00]-R[0:00:00]: Return=    0.5718, Steps=229.0, Features = 242
    40: >>> E[0:00:00]-R[0:00:00]: Return=    0.4598, Steps=240.9, Features = 242
    60: >>> E[0:00:00]-R[0:00:00]: Return=    0.9121, Steps=189.0, Features = 242
    80: >>> E[0:00:00]-R[0:00:00]: Return=    0.8636, Steps=237.5, Features = 242
   100: >>> E[0:00:00]-R[0:00:00]: Return=    0.8745, Steps=226.6, Features = 242
Total Experiment Duration 0:00:00
     0: >>> E[0:00:00]-R[?]: Return=    0.5627, Steps=238.1, Features = 242
    30: >>> E[0:00:00]-R[0:00:00]: Return=    0.7643, Steps=236.7, Features = 242
    60: >>> E[0:00:00]-R[0:00:00]: Return=     1.285, Steps=216.9, Features = 242
    90: >>> E[0:00:00]-R[0:00:00]: Return=   -0.0418, Steps=242.0, Features = 242
   120: >>> E[0:00:00]-R[0:00:00]: Return=    0.5742, Steps=226.6, Features = 242
   150: >>> E[0:00:00]-R[0:00:00]: Return=    -0.242, Steps=242.0, Features = 242
Total Experiment Duration 0:00:00
     0: >>> E[0:00:00]-R[?]: Return=    0.5627, Steps=238.1, Features = 242
    40: >>> E[0:00:00]-R[0:00:00]: Return=    0.4587, Steps=242.0, Features = 242
    80: >>> E[0:00:00]-R[0:00:00]: Return=    0.3586, Steps=242.0, Features = 242
   120: >>> E[0:00:00]-R[0:00:00]: Return=    0.6608, Steps=240.1, Features = 242
   160: >>> E[0:00:00]-R[0:00:00]: Return=    0.2819, Steps=218.6, Features = 242
   200: >>> E[0:00:00]-R[0:00:00]: Return=    0.2585, Steps=242.0, Features = 242
Total Experiment Duration 0:00:00
     0: >>> E[0:00:00]-R[?]: Return=    0.5627, Steps=238.1, Features = 242
    50: >>> E[0:00:00]-R[0:00:01]: Return=    0.5687, Steps=232.1, Features = 242
   100: >>> E[0:00:00]-R[0:00:01]: Return=    0.2678, Steps=232.7, Features = 242
   150: >>> E[0:00:00]-R[0:00:01]: Return=    0.2702, Steps=230.3, Features = 242
   200: >>> E[0:00:00]-R[0:00:01]: Return=    0.3731, Steps=227.5, Features = 242
   250: >>> E[0:00:00]-R[0:00:01]: Return=    -0.242, Steps=242.0, Features = 242
   300: >>> E[0:00:00]-R[0:00:01]: Return=    -0.242, Steps=242.0, Features = 242
   350: >>> E[0:00:00]-R[0:00:00]: Return=     1.084, Steps=217.2, Features = 242
   400: >>> E[0:00:00]-R[0:00:00]: Return=    -0.242, Steps=242.0, Features = 242
   450: >>> E[0:00:00]-R[0:00:00]: Return=    0.1584, Steps=242.0, Features = 242
   500: >>> E[0:00:00]-R[0:00:00]: Return=    0.8861, Steps=215.0, Features = 242
   550: >>> E[0:00:00]-R[0:00:00]: Return=    0.5859, Steps=214.9, Features = 242
   600: >>> E[0:00:00]-R[0:00:00]: Return=    0.5588, Steps=242.0, Features = 242
   650: >>> E[0:00:00]-R[0:00:00]: Return=   -0.1419, Steps=242.0, Features = 242
   700: >>> E[0:00:01]-R[0:00:00]: Return=   -0.1419, Steps=242.0, Features = 242
   750: >>> E[0:00:01]-R[0:00:00]: Return=    0.0583, Steps=242.0, Features = 242
   800: >>> E[0:00:01]-R[0:00:00]: Return=    0.0583, Steps=242.0, Features = 242
   850: >>> E[0:00:01]-R[0:00:00]: Return=    0.1704, Steps=230.0, Features = 242
   900: >>> E[0:00:01]-R[0:00:00]: Return=    0.2689, Steps=231.6, Features = 242
   950: >>> E[0:00:01]-R[0:00:00]: Return=    0.4942, Steps=206.5, Features = 242
  1000: >>> E[0:00:01]-R[0:00:00]: Return=    0.0696, Steps=230.7, Features = 242
Total Experiment Duration 0:00:01
     0: >>> E[0:00:00]-R[?]: Return=    0.5627, Steps=238.1, Features = 242
    50: >>> E[0:00:00]-R[0:00:01]: Return=    0.3586, Steps=242.0, Features = 242
   100: >>> E[0:00:00]-R[0:00:01]: Return=    0.8681, Steps=233.0, Features = 242
   150: >>> E[0:00:00]-R[0:00:01]: Return=    0.6589, Steps=242.0, Features = 242
   200: >>> E[0:00:00]-R[0:00:01]: Return=     1.194, Steps=207.7, Features = 242
   250: >>> E[0:00:00]-R[0:00:01]: Return=     0.788, Steps=213.0, Features = 242
   300: >>> E[0:00:00]-R[0:00:01]: Return=    0.2702, Steps=230.3, Features = 242
   350: >>> E[0:00:00]-R[0:00:00]: Return=      1.32, Steps=181.9, Features = 242
   400: >>> E[0:00:00]-R[0:00:00]: Return=   -0.1419, Steps=242.0, Features = 242
   450: >>> E[0:00:00]-R[0:00:00]: Return=    -0.242, Steps=242.0, Features = 242
   500: >>> E[0:00:00]-R[0:00:00]: Return=    0.2767, Steps=223.8, Features = 242
   550: >>> E[0:00:00]-R[0:00:00]: Return=    0.1584, Steps=242.0, Features = 242
   600: >>> E[0:00:00]-R[0:00:00]: Return=   -0.1419, Steps=242.0, Features = 242
   650: >>> E[0:00:00]-R[0:00:00]: Return=   -0.1419, Steps=242.0, Features = 242
   700: >>> E[0:00:01]-R[0:00:00]: Return=    -0.242, Steps=242.0, Features = 242
   750: >>> E[0:00:01]-R[0:00:00]: Return=    0.0583, Steps=242.0, Features = 242
   800: >>> E[0:00:01]-R[0:00:00]: Return=    0.5588, Steps=242.0, Features = 242
   850: >>> E[0:00:01]-R[0:00:00]: Return=    0.6738, Steps=227.1, Features = 242
   900: >>> E[0:00:01]-R[0:00:00]: Return=    0.1584, Steps=242.0, Features = 242
   950: >>> E[0:00:01]-R[0:00:00]: Return=    0.2585, Steps=242.0, Features = 242
  1000: >>> E[0:00:01]-R[0:00:00]: Return=    0.5607, Steps=240.1, Features = 242
Total Experiment Duration 0:00:01
     0: >>> E[0:00:00]-R[?]: Return=    0.5627, Steps=238.1, Features = 242
   100: >>> E[0:00:00]-R[0:00:01]: Return=    0.3675, Steps=233.1, Features = 242
   200: >>> E[0:00:00]-R[0:00:01]: Return=    -0.242, Steps=242.0, Features = 242
   300: >>> E[0:00:00]-R[0:00:01]: Return=    0.6589, Steps=242.0, Features = 242
   400: >>> E[0:00:00]-R[0:00:01]: Return=   -0.0418, Steps=242.0, Features = 242
   500: >>> E[0:00:00]-R[0:00:01]: Return=    -0.242, Steps=242.0, Features = 242
   600: >>> E[0:00:00]-R[0:00:01]: Return=    0.5588, Steps=242.0, Features = 242
   700: >>> E[0:00:01]-R[0:00:01]: Return=    -0.242, Steps=242.0, Features = 242
   800: >>> E[0:00:01]-R[0:00:01]: Return=    -0.242, Steps=242.0, Features = 242
   900: >>> E[0:00:01]-R[0:00:01]: Return=   -0.1419, Steps=242.0, Features = 242
  1000: >>> E[0:00:01]-R[0:00:01]: Return=   -0.0418, Steps=242.0, Features = 242
  1100: >>> E[0:00:01]-R[0:00:01]: Return=    -0.242, Steps=242.0, Features = 242
  1200: >>> E[0:00:01]-R[0:00:01]: Return=    0.2585, Steps=242.0, Features = 242
  1300: >>> E[0:00:01]-R[0:00:01]: Return=    0.6589, Steps=242.0, Features = 242
  1400: >>> E[0:00:01]-R[0:00:00]: Return=    0.5588, Steps=242.0, Features = 242
  1500: >>> E[0:00:01]-R[0:00:00]: Return=    0.3739, Steps=226.7, Features = 242
  1600: >>> E[0:00:01]-R[0:00:00]: Return=    0.5663, Steps=234.5, Features = 242
  1700: >>> E[0:00:01]-R[0:00:00]: Return=     0.682, Steps=218.9, Features = 242
  1800: >>> E[0:00:01]-R[0:00:00]: Return=     0.759, Steps=242.0, Features = 242
  1900: >>> E[0:00:01]-R[0:00:00]: Return=     1.424, Steps=177.7, Features = 242
  2000: >>> E[0:00:01]-R[0:00:00]: Return=    0.4832, Steps=217.5, Features = 242
Total Experiment Duration 0:00:01
     0: >>> E[0:00:00]-R[?]: Return=    0.5627, Steps=238.1, Features = 242
   242: E[0:00:00]-R[0:00:07]: Return=    -0.242, Steps= 242, Features = 242
   500: >>> E[0:00:00]-R[0:00:07]: Return=   -0.1419, Steps=242.0, Features = 242
  1000: >>> E[0:00:01]-R[0:00:06]: Return=   -0.0418, Steps=242.0, Features = 242
  1500: >>> E[0:00:01]-R[0:00:06]: Return=    -0.242, Steps=242.0, Features = 242
  2000: >>> E[0:00:01]-R[0:00:06]: Return=     0.759, Steps=242.0, Features = 242
  2500: >>> E[0:00:02]-R[0:00:05]: Return=    0.9888, Steps=212.4, Features = 242
  3000: >>> E[0:00:02]-R[0:00:05]: Return=    0.3586, Steps=242.0, Features = 242
  3500: >>> E[0:00:02]-R[0:00:05]: Return=     1.098, Steps=203.3, Features = 242
  4000: >>> E[0:00:03]-R[0:00:04]: Return=     1.204, Steps=197.6, Features = 242
  4500: >>> E[0:00:03]-R[0:00:04]: Return=     1.783, Steps=118.9, Features = 242
  5000: >>> E[0:00:03]-R[0:00:03]: Return=     1.844, Steps=57.9, Features = 242
  5500: >>> E[0:00:04]-R[0:00:03]: Return=     1.117, Steps=183.9, Features = 242
  6000: >>> E[0:00:04]-R[0:00:03]: Return=     1.947, Steps=55.4, Features = 242
  6500: >>> E[0:00:04]-R[0:00:02]: Return=     1.974, Steps=28.2, Features = 242
  7000: >>> E[0:00:05]-R[0:00:02]: Return=     1.972, Steps=29.8, Features = 242
  7500: >>> E[0:00:05]-R[0:00:02]: Return=     1.852, Steps=49.7, Features = 242
  8000: >>> E[0:00:05]-R[0:00:01]: Return=     1.973, Steps=29.2, Features = 242
  8500: >>> E[0:00:06]-R[0:00:01]: Return=     1.971, Steps=30.8, Features = 242
  9000: >>> E[0:00:06]-R[0:00:01]: Return=     1.973, Steps=28.6, Features = 242
  9500: >>> E[0:00:06]-R[0:00:00]: Return=     1.855, Steps=47.3, Features = 242
 10000: >>> E[0:00:07]-R[0:00:00]: Return=     1.973, Steps=29.2, Features = 242
Total Experiment Duration 0:00:07
     0: >>> E[0:00:00]-R[?]: Return=    0.5627, Steps=238.1, Features = 242
   500: >>> E[0:00:00]-R[0:00:05]: Return=   -0.1419, Steps=242.0, Features = 242
  1000: >>> E[0:00:01]-R[0:00:05]: Return=    0.8612, Steps=239.9, Features = 242
  1500: >>> E[0:00:01]-R[0:00:05]: Return=     0.759, Steps=242.0, Features = 242
  2000: >>> E[0:00:01]-R[0:00:04]: Return=     0.759, Steps=242.0, Features = 242
  2500: >>> E[0:00:01]-R[0:00:04]: Return=     0.759, Steps=242.0, Features = 242
  3000: >>> E[0:00:02]-R[0:00:04]: Return=     0.759, Steps=242.0, Features = 242
  3500: >>> E[0:00:02]-R[0:00:04]: Return=     0.759, Steps=242.0, Features = 242
  4000: >>> E[0:00:02]-R[0:00:03]: Return=     0.759, Steps=242.0, Features = 242
  4500: >>> E[0:00:03]-R[0:00:03]: Return=     0.759, Steps=242.0, Features = 242
  5000: >>> E[0:00:03]-R[0:00:03]: Return=     0.759, Steps=242.0, Features = 242
  5500: >>> E[0:00:03]-R[0:00:03]: Return=     0.759, Steps=242.0, Features = 242
  6000: >>> E[0:00:03]-R[0:00:02]: Return=     0.759, Steps=242.0, Features = 242
  6500: >>> E[0:00:04]-R[0:00:02]: Return=     0.759, Steps=242.0, Features = 242
  7000: >>> E[0:00:04]-R[0:00:02]: Return=     0.759, Steps=242.0, Features = 242
  7500: >>> E[0:00:04]-R[0:00:01]: Return=     0.759, Steps=242.0, Features = 242
  8000: >>> E[0:00:04]-R[0:00:01]: Return=     0.759, Steps=242.0, Features = 242
  8500: >>> E[0:00:05]-R[0:00:01]: Return=     0.759, Steps=242.0, Features = 242
  9000: >>> E[0:00:05]-R[0:00:01]: Return=     0.759, Steps=242.0, Features = 242
  9500: >>> E[0:00:05]-R[0:00:00]: Return=     0.759, Steps=242.0, Features = 242
 10000: >>> E[0:00:06]-R[0:00:00]: Return=     0.759, Steps=242.0, Features = 242
Total Experiment Duration 0:00:06
